android/app/build/intermediates/manifest_merge_blame_file/debug/manifest-merger-blame-debug-report.txt
1<?xml version="1.0" encoding="utf-8"?>
2<manifest xmlns:android="http://schemas.android.com/apk/res/android"
3    package="com.onlinegroceryapp"
4    android:versionCode="1"
5    android:versionName="1.0" >
6
7    <uses-sdk
8        android:minSdkVersion="21"
9        android:targetSdkVersion="31" />
10
11    <uses-permission android:name="android.permission.SYSTEM_ALERT_WINDOW" />
11-->src/debug/AndroidManifest.xml:5:5-77
11-->src/debug/AndroidManifest.xml:5:22-75
12    <uses-permission android:name="android.permission.INTERNET" />
12-->src/main/AndroidManifest.xml:4:5-67
12-->src/main/AndroidManifest.xml:4:22-64
13    <uses-permission android:name="android.permission.READ_EXTERNAL_STORAGE" />
13-->src/main/AndroidManifest.xml:5:5-79
13-->src/main/AndroidManifest.xml:5:22-77
14    <uses-permission android:name="android.permission.WRITE_EXTERNAL_STORAGE" />
14-->src/main/AndroidManifest.xml:6:5-81
14-->src/main/AndroidManifest.xml:6:22-78
15    <uses-permission android:name="android.permission.VIBRATE" />
15-->src/main/AndroidManifest.xml:7:5-66
15-->src/main/AndroidManifest.xml:7:22-63
16    <uses-permission android:name="android.permission.RECEIVE_BOOT_COMPLETED" />
16-->src/main/AndroidManifest.xml:8:5-80
16-->src/main/AndroidManifest.xml:8:22-78
17    <uses-permission android:name="android.permission.ACCESS_WIFI_STATE" />
17-->[com.facebook.flipper:flipper:0.125.0] AndroidManifest.xml:16:5-76
17-->[com.facebook.flipper:flipper:0.125.0] AndroidManifest.xml:16:22-73
18    <uses-permission android:name="android.permission.WAKE_LOCK" />
18-->[:react-native-firebase_auth] AndroidManifest.xml:10:5-68
18-->[:react-native-firebase_auth] AndroidManifest.xml:10:22-65
19    <uses-permission android:name="android.permission.ACCESS_NETWORK_STATE" />
19-->[:react-native-firebase_auth] AndroidManifest.xml:11:5-79
19-->[:react-native-firebase_auth] AndroidManifest.xml:11:22-76
20    <uses-permission android:name="android.permission.POST_NOTIFICATIONS" /> <!-- Required by older versions of Google Play services to create IID tokens -->
20-->[com.google.firebase:firebase-messaging:23.1.1] AndroidManifest.xml:25:5-77
20-->[com.google.firebase:firebase-messaging:23.1.1] AndroidManifest.xml:25:22-74
21    <uses-permission android:name="com.google.android.c2dm.permission.RECEIVE" />
21-->[com.google.firebase:firebase-messaging:23.1.1] AndroidManifest.xml:28:5-82
21-->[com.google.firebase:firebase-messaging:23.1.1] AndroidManifest.xml:28:22-79
22    <uses-permission android:name="com.google.android.gms.permission.AD_ID" />
22-->[com.google.android.gms:play-services-measurement-api:21.2.0] AndroidManifest.xml:25:5-79
22-->[com.google.android.gms:play-services-measurement-api:21.2.0] AndroidManifest.xml:25:22-76
23    <uses-permission android:name="com.google.android.finsky.permission.BIND_GET_INSTALL_REFERRER_SERVICE" /> <!-- for android -->
23-->[com.google.android.gms:play-services-measurement:21.2.0] AndroidManifest.xml:26:5-110
23-->[com.google.android.gms:play-services-measurement:21.2.0] AndroidManifest.xml:26:22-107
24    <!-- <uses-permission android:name="com.android.launcher.permission.READ_SETTINGS"/> -->
25    <!-- <uses-permission android:name="com.android.launcher.permission.WRITE_SETTINGS"/> -->
26    <!-- <uses-permission android:name="com.android.launcher.permission.INSTALL_SHORTCUT" /> -->
27    <!-- <uses-permission android:name="com.android.launcher.permission.UNINSTALL_SHORTCUT" /> -->
28    <!-- for Samsung -->
29    <uses-permission android:name="com.sec.android.provider.badge.permission.READ" />
29-->[me.leolin:ShortcutBadger:1.1.22] AndroidManifest.xml:19:5-86
29-->[me.leolin:ShortcutBadger:1.1.22] AndroidManifest.xml:19:22-83
30    <uses-permission android:name="com.sec.android.provider.badge.permission.WRITE" /> <!-- for htc -->
30-->[me.leolin:ShortcutBadger:1.1.22] AndroidManifest.xml:20:5-87
30-->[me.leolin:ShortcutBadger:1.1.22] AndroidManifest.xml:20:22-84
31    <uses-permission android:name="com.htc.launcher.permission.READ_SETTINGS" />
31-->[me.leolin:ShortcutBadger:1.1.22] AndroidManifest.xml:23:5-81
31-->[me.leolin:ShortcutBadger:1.1.22] AndroidManifest.xml:23:22-78
32    <uses-permission android:name="com.htc.launcher.permission.UPDATE_SHORTCUT" /> <!-- for sony -->
32-->[me.leolin:ShortcutBadger:1.1.22] AndroidManifest.xml:24:5-83
32-->[me.leolin:ShortcutBadger:1.1.22] AndroidManifest.xml:24:22-80
33    <uses-permission android:name="com.sonyericsson.home.permission.BROADCAST_BADGE" />
33-->[me.leolin:ShortcutBadger:1.1.22] AndroidManifest.xml:27:5-88
33-->[me.leolin:ShortcutBadger:1.1.22] AndroidManifest.xml:27:22-85
34    <uses-permission android:name="com.sonymobile.home.permission.PROVIDER_INSERT_BADGE" /> <!-- for apex -->
34-->[me.leolin:ShortcutBadger:1.1.22] AndroidManifest.xml:28:5-92
34-->[me.leolin:ShortcutBadger:1.1.22] AndroidManifest.xml:28:22-89
35    <uses-permission android:name="com.anddoes.launcher.permission.UPDATE_COUNT" /> <!-- for solid -->
35-->[me.leolin:ShortcutBadger:1.1.22] AndroidManifest.xml:31:5-84
35-->[me.leolin:ShortcutBadger:1.1.22] AndroidManifest.xml:31:22-81
36    <uses-permission android:name="com.majeur.launcher.permission.UPDATE_BADGE" /> <!-- for huawei -->
36-->[me.leolin:ShortcutBadger:1.1.22] AndroidManifest.xml:34:5-83
36-->[me.leolin:ShortcutBadger:1.1.22] AndroidManifest.xml:34:22-80
37    <uses-permission android:name="com.huawei.android.launcher.permission.CHANGE_BADGE" />
37-->[me.leolin:ShortcutBadger:1.1.22] AndroidManifest.xml:37:5-91
37-->[me.leolin:ShortcutBadger:1.1.22] AndroidManifest.xml:37:22-88
38    <uses-permission android:name="com.huawei.android.launcher.permission.READ_SETTINGS" />
38-->[me.leolin:ShortcutBadger:1.1.22] AndroidManifest.xml:38:5-92
38-->[me.leolin:ShortcutBadger:1.1.22] AndroidManifest.xml:38:22-89
39    <uses-permission android:name="com.huawei.android.launcher.permission.WRITE_SETTINGS" /> <!-- for ZUK -->
39-->[me.leolin:ShortcutBadger:1.1.22] AndroidManifest.xml:39:5-93
39-->[me.leolin:ShortcutBadger:1.1.22] AndroidManifest.xml:39:22-90
40    <uses-permission android:name="android.permission.READ_APP_BADGE" /> <!-- for OPPO -->
40-->[me.leolin:ShortcutBadger:1.1.22] AndroidManifest.xml:42:5-73
40-->[me.leolin:ShortcutBadger:1.1.22] AndroidManifest.xml:42:22-70
41    <uses-permission android:name="com.oppo.launcher.permission.READ_SETTINGS" />
41-->[me.leolin:ShortcutBadger:1.1.22] AndroidManifest.xml:45:5-82
41-->[me.leolin:ShortcutBadger:1.1.22] AndroidManifest.xml:45:22-79
42    <uses-permission android:name="com.oppo.launcher.permission.WRITE_SETTINGS" /> <!-- for EvMe -->
42-->[me.leolin:ShortcutBadger:1.1.22] AndroidManifest.xml:46:5-83
42-->[me.leolin:ShortcutBadger:1.1.22] AndroidManifest.xml:46:22-80
43    <uses-permission android:name="me.everything.badger.permission.BADGE_COUNT_READ" />
43-->[me.leolin:ShortcutBadger:1.1.22] AndroidManifest.xml:49:5-88
43-->[me.leolin:ShortcutBadger:1.1.22] AndroidManifest.xml:49:22-85
44    <uses-permission android:name="me.everything.badger.permission.BADGE_COUNT_WRITE" />
44-->[me.leolin:ShortcutBadger:1.1.22] AndroidManifest.xml:50:5-89
44-->[me.leolin:ShortcutBadger:1.1.22] AndroidManifest.xml:50:22-86
45
46    <application
46-->src/main/AndroidManifest.xml:10:5-65:19
47        android:name="com.onlinegroceryapp.MainApplication"
47-->src/main/AndroidManifest.xml:11:7-38
48        android:allowBackup="true"
48-->src/main/AndroidManifest.xml:12:7-33
49        android:appComponentFactory="androidx.core.app.CoreComponentFactory"
49-->[androidx.core:core:1.7.0] AndroidManifest.xml:24:18-86
50        android:debuggable="true"
51        android:icon="@mipmap/ic_launcher"
51-->src/main/AndroidManifest.xml:14:7-41
52        android:label="@string/app_name"
52-->src/main/AndroidManifest.xml:13:7-39
53        android:supportsRtl="true"
53-->[com.facebook.android:facebook-android-sdk:8.2.0] AndroidManifest.xml:28:18-44
54        android:theme="@style/AppTheme"
54-->src/main/AndroidManifest.xml:15:7-38
55        android:usesCleartextTraffic="true" >
55-->src/debug/AndroidManifest.xml:8:9-44
56        <activity
56-->src/main/AndroidManifest.xml:36:7-84
57            android:name="com.facebook.react.devsupport.DevSettingsActivity"
57-->src/main/AndroidManifest.xml:36:17-81
58            android:exported="false" />
58-->src/debug/AndroidManifest.xml:11:84-108
59        <activity
59-->src/main/AndroidManifest.xml:17:9-26:20
60            android:name="com.onlinegroceryapp.SplashActivity"
60-->src/main/AndroidManifest.xml:18:13-43
61            android:exported="true"
61-->src/main/AndroidManifest.xml:21:13-36
62            android:label="@string/app_name"
62-->src/main/AndroidManifest.xml:20:13-45
63            android:theme="@style/SplashTheme" >
63-->src/main/AndroidManifest.xml:19:13-47
64            <intent-filter>
64-->src/main/AndroidManifest.xml:22:13-25:29
65                <action android:name="android.intent.action.MAIN" />
65-->src/main/AndroidManifest.xml:23:17-69
65-->src/main/AndroidManifest.xml:23:25-66
66
67                <category android:name="android.intent.category.LAUNCHER" />
67-->src/main/AndroidManifest.xml:24:17-77
67-->src/main/AndroidManifest.xml:24:27-74
68            </intent-filter>
69        </activity>
70        <activity
70-->src/main/AndroidManifest.xml:28:9-34:11
71            android:name="com.onlinegroceryapp.MainActivity"
71-->src/main/AndroidManifest.xml:29:11-39
72            android:configChanges="keyboard|keyboardHidden|orientation|screenSize"
72-->src/main/AndroidManifest.xml:31:11-81
73            android:exported="true"
73-->src/main/AndroidManifest.xml:33:11-34
74            android:label="@string/app_name"
74-->src/main/AndroidManifest.xml:30:11-43
75            android:windowSoftInputMode="adjustResize" />
75-->src/main/AndroidManifest.xml:32:11-53
76
77        <meta-data
77-->src/main/AndroidManifest.xml:38:7-105
78            android:name="com.facebook.sdk.ApplicationId"
78-->src/main/AndroidManifest.xml:38:18-63
79            android:value="@string/facebook_app_id" />
79-->src/main/AndroidManifest.xml:38:64-103
80        <meta-data
80-->src/main/AndroidManifest.xml:39:7-40:44
81            android:name="com.dieam.reactnativepushnotification.notification_foreground"
81-->src/main/AndroidManifest.xml:39:19-95
82            android:value="false" /> <!-- Change the resource name to your App's accent color - or any other color you want -->
82-->src/main/AndroidManifest.xml:40:21-42
83        <meta-data
83-->src/main/AndroidManifest.xml:42:7-43:54
84            android:name="com.dieam.reactnativepushnotification.notification_color"
84-->src/main/AndroidManifest.xml:42:19-90
85            android:resource="@color/white" />
85-->src/main/AndroidManifest.xml:43:21-52
86        <meta-data
86-->src/main/AndroidManifest.xml:45:7-46:81
87            android:name="com.dieam.firebase.messaging.default_notification_channel_id"
87-->src/main/AndroidManifest.xml:45:19-94
88            android:resource="@string/default_notification_channel_id" />
88-->src/main/AndroidManifest.xml:46:21-79
89
90        <receiver
90-->src/main/AndroidManifest.xml:48:7-130
91            android:name="com.dieam.reactnativepushnotification.modules.RNPushNotificationActions"
91-->src/main/AndroidManifest.xml:48:17-103
92            android:exported="false" />
92-->src/main/AndroidManifest.xml:48:104-128
93        <receiver
93-->src/main/AndroidManifest.xml:49:7-133
94            android:name="com.dieam.reactnativepushnotification.modules.RNPushNotificationPublisher"
94-->src/main/AndroidManifest.xml:49:17-105
95            android:exported="false" />
95-->src/main/AndroidManifest.xml:49:106-131
96        <receiver
96-->src/main/AndroidManifest.xml:50:7-56:18
97            android:name="com.dieam.reactnativepushnotification.modules.RNPushNotificationBootEventReceiver"
97-->src/main/AndroidManifest.xml:50:17-113
98            android:exported="false" >
98-->src/main/AndroidManifest.xml:50:114-138
99            <intent-filter>
99-->src/main/AndroidManifest.xml:51:11-55:27
100                <action android:name="android.intent.action.BOOT_COMPLETED" />
100-->src/main/AndroidManifest.xml:52:15-77
100-->src/main/AndroidManifest.xml:52:23-74
101                <action android:name="android.intent.action.QUICKBOOT_POWERON" />
101-->src/main/AndroidManifest.xml:53:15-80
101-->src/main/AndroidManifest.xml:53:23-77
102                <action android:name="com.htc.intent.action.QUICKBOOT_POWERON" />
102-->src/main/AndroidManifest.xml:54:15-79
102-->src/main/AndroidManifest.xml:54:23-77
103            </intent-filter>
104        </receiver>
105
106        <service
106-->src/main/AndroidManifest.xml:58:7-64:17
107            android:name="com.dieam.reactnativepushnotification.modules.RNPushNotificationListenerService"
107-->src/main/AndroidManifest.xml:59:11-105
108            android:exported="false" >
108-->src/main/AndroidManifest.xml:60:11-35
109            <intent-filter>
109-->src/main/AndroidManifest.xml:61:11-63:27
110                <action android:name="com.google.firebase.MESSAGING_EVENT" />
110-->src/main/AndroidManifest.xml:62:15-76
110-->src/main/AndroidManifest.xml:62:23-73
111            </intent-filter>
112        </service>
113        <service
113-->[:react-native-firebase_messaging] AndroidManifest.xml:14:9-16:40
114            android:name="io.invertase.firebase.messaging.ReactNativeFirebaseMessagingHeadlessService"
114-->[:react-native-firebase_messaging] AndroidManifest.xml:15:13-103
115            android:exported="false" />
115-->[:react-native-firebase_messaging] AndroidManifest.xml:16:13-37
116        <service
116-->[:react-native-firebase_messaging] AndroidManifest.xml:17:9-23:19
117            android:name="io.invertase.firebase.messaging.ReactNativeFirebaseMessagingService"
117-->[:react-native-firebase_messaging] AndroidManifest.xml:18:13-95
118            android:exported="false" >
118-->[:react-native-firebase_messaging] AndroidManifest.xml:19:13-37
119            <intent-filter>
119-->src/main/AndroidManifest.xml:61:11-63:27
120                <action android:name="com.google.firebase.MESSAGING_EVENT" />
120-->src/main/AndroidManifest.xml:62:15-76
120-->src/main/AndroidManifest.xml:62:23-73
121            </intent-filter>
122        </service>
123
124        <receiver
124-->[:react-native-firebase_messaging] AndroidManifest.xml:25:9-32:20
125            android:name="io.invertase.firebase.messaging.ReactNativeFirebaseMessagingReceiver"
125-->[:react-native-firebase_messaging] AndroidManifest.xml:26:13-96
126            android:exported="true"
126-->[:react-native-firebase_messaging] AndroidManifest.xml:27:13-36
127            android:permission="com.google.android.c2dm.permission.SEND" >
127-->[:react-native-firebase_messaging] AndroidManifest.xml:28:13-73
128            <intent-filter>
128-->[:react-native-firebase_messaging] AndroidManifest.xml:29:13-31:29
129                <action android:name="com.google.android.c2dm.intent.RECEIVE" />
129-->[:react-native-firebase_messaging] AndroidManifest.xml:30:17-81
129-->[:react-native-firebase_messaging] AndroidManifest.xml:30:25-78
130            </intent-filter>
131        </receiver>
132
133        <meta-data
133-->[:react-native-firebase_messaging] AndroidManifest.xml:34:9-36:36
134            android:name="firebase_messaging_auto_init_enabled"
134-->[:react-native-firebase_messaging] AndroidManifest.xml:35:13-64
135            android:value="true" />
135-->[:react-native-firebase_messaging] AndroidManifest.xml:36:13-33
136        <meta-data
136-->[:react-native-firebase_messaging] AndroidManifest.xml:37:9-39:32
137            android:name="com.google.firebase.messaging.default_notification_channel_id"
137-->[:react-native-firebase_messaging] AndroidManifest.xml:38:13-89
138            android:value="" />
138-->[:react-native-firebase_messaging] AndroidManifest.xml:39:13-29
139        <meta-data
139-->[:react-native-firebase_messaging] AndroidManifest.xml:40:9-42:47
140            android:name="com.google.firebase.messaging.default_notification_color"
140-->[:react-native-firebase_messaging] AndroidManifest.xml:41:13-84
141            android:resource="@color/white" />
141-->[:react-native-firebase_messaging] AndroidManifest.xml:42:13-44
142        <meta-data
142-->[:react-native-firebase_app] AndroidManifest.xml:11:9-13:36
143            android:name="app_data_collection_default_enabled"
143-->[:react-native-firebase_app] AndroidManifest.xml:12:13-63
144            android:value="true" />
144-->[:react-native-firebase_app] AndroidManifest.xml:13:13-33
145
146        <service
146-->[:react-native-firebase_app] AndroidManifest.xml:15:9-23:19
147            android:name="com.google.firebase.components.ComponentDiscoveryService"
147-->[:react-native-firebase_app] AndroidManifest.xml:16:13-84
148            android:directBootAware="true"
148-->[:react-native-firebase_app] AndroidManifest.xml:17:13-43
149            android:exported="false" >
149-->[:react-native-firebase_app] AndroidManifest.xml:18:13-37
150            <meta-data
150-->[:react-native-firebase_app] AndroidManifest.xml:20:13-22:85
151                android:name="com.google.firebase.components:io.invertase.firebase.app.ReactNativeFirebaseAppRegistrar"
151-->[:react-native-firebase_app] AndroidManifest.xml:21:17-120
152                android:value="com.google.firebase.components.ComponentRegistrar" />
152-->[:react-native-firebase_app] AndroidManifest.xml:22:17-82
153            <meta-data
153-->[com.google.firebase:firebase-auth:21.1.0] AndroidManifest.xml:67:13-69:85
154                android:name="com.google.firebase.components:com.google.firebase.auth.FirebaseAuthRegistrar"
154-->[com.google.firebase:firebase-auth:21.1.0] AndroidManifest.xml:68:17-109
155                android:value="com.google.firebase.components.ComponentRegistrar" />
155-->[com.google.firebase:firebase-auth:21.1.0] AndroidManifest.xml:69:17-82
156            <meta-data
156-->[com.google.firebase:firebase-messaging:23.1.1] AndroidManifest.xml:55:13-57:85
157                android:name="com.google.firebase.components:com.google.firebase.messaging.FirebaseMessagingRegistrar"
157-->[com.google.firebase:firebase-messaging:23.1.1] AndroidManifest.xml:56:17-119
158                android:value="com.google.firebase.components.ComponentRegistrar" />
158-->[com.google.firebase:firebase-messaging:23.1.1] AndroidManifest.xml:57:17-82
159            <meta-data
159-->[com.google.firebase:firebase-database:20.1.0] AndroidManifest.xml:31:13-33:85
160                android:name="com.google.firebase.components:com.google.firebase.database.DatabaseRegistrar"
160-->[com.google.firebase:firebase-database:20.1.0] AndroidManifest.xml:32:17-109
161                android:value="com.google.firebase.components.ComponentRegistrar" />
161-->[com.google.firebase:firebase-database:20.1.0] AndroidManifest.xml:33:17-82
162            <meta-data
162-->[com.google.firebase:firebase-firestore:24.4.1] AndroidManifest.xml:19:13-21:85
163                android:name="com.google.firebase.components:com.google.firebase.firestore.FirestoreRegistrar"
163-->[com.google.firebase:firebase-firestore:24.4.1] AndroidManifest.xml:20:17-111
164                android:value="com.google.firebase.components.ComponentRegistrar" />
164-->[com.google.firebase:firebase-firestore:24.4.1] AndroidManifest.xml:21:17-82
165            <meta-data
165-->[com.google.firebase:firebase-storage:20.1.0] AndroidManifest.xml:32:13-34:85
166                android:name="com.google.firebase.components:com.google.firebase.storage.StorageRegistrar"
166-->[com.google.firebase:firebase-storage:20.1.0] AndroidManifest.xml:33:17-107
167                android:value="com.google.firebase.components.ComponentRegistrar" />
167-->[com.google.firebase:firebase-storage:20.1.0] AndroidManifest.xml:34:17-82
168            <meta-data
168-->[com.google.firebase:firebase-datatransport:18.1.7] AndroidManifest.xml:27:13-29:85
169                android:name="com.google.firebase.components:com.google.firebase.datatransport.TransportRegistrar"
169-->[com.google.firebase:firebase-datatransport:18.1.7] AndroidManifest.xml:28:17-115
170                android:value="com.google.firebase.components.ComponentRegistrar" />
170-->[com.google.firebase:firebase-datatransport:18.1.7] AndroidManifest.xml:29:17-82
171            <meta-data
171-->[com.google.android.gms:play-services-measurement-api:21.2.0] AndroidManifest.xml:31:13-33:85
172                android:name="com.google.firebase.components:com.google.firebase.analytics.connector.internal.AnalyticsConnectorRegistrar"
172-->[com.google.android.gms:play-services-measurement-api:21.2.0] AndroidManifest.xml:32:17-139
173                android:value="com.google.firebase.components.ComponentRegistrar" />
173-->[com.google.android.gms:play-services-measurement-api:21.2.0] AndroidManifest.xml:33:17-82
174            <meta-data
174-->[com.google.firebase:firebase-installations:17.1.0] AndroidManifest.xml:17:13-19:85
175                android:name="com.google.firebase.components:com.google.firebase.installations.FirebaseInstallationsRegistrar"
175-->[com.google.firebase:firebase-installations:17.1.0] AndroidManifest.xml:18:17-127
176                android:value="com.google.firebase.components.ComponentRegistrar" />
176-->[com.google.firebase:firebase-installations:17.1.0] AndroidManifest.xml:19:17-82
177        </service>
178
179        <provider
179-->[:react-native-firebase_app] AndroidManifest.xml:25:9-29:38
180            android:name="io.invertase.firebase.app.ReactNativeFirebaseAppInitProvider"
180-->[:react-native-firebase_app] AndroidManifest.xml:26:13-88
181            android:authorities="com.onlinegroceryapp.reactnativefirebaseappinitprovider"
181-->[:react-native-firebase_app] AndroidManifest.xml:27:13-86
182            android:exported="false"
182-->[:react-native-firebase_app] AndroidManifest.xml:28:13-37
183            android:initOrder="99" />
183-->[:react-native-firebase_app] AndroidManifest.xml:29:13-35
184
185        <activity
185-->[com.facebook.android:facebook-common:8.2.0] AndroidManifest.xml:30:9-33:66
186            android:name="com.facebook.FacebookActivity"
186-->[com.facebook.android:facebook-common:8.2.0] AndroidManifest.xml:31:13-57
187            android:configChanges="keyboard|keyboardHidden|screenLayout|screenSize|orientation"
187-->[com.facebook.android:facebook-common:8.2.0] AndroidManifest.xml:32:13-96
188            android:theme="@style/com_facebook_activity_theme" />
188-->[com.facebook.android:facebook-common:8.2.0] AndroidManifest.xml:33:13-63
189        <activity android:name="com.facebook.CustomTabMainActivity" />
189-->[com.facebook.android:facebook-common:8.2.0] AndroidManifest.xml:34:9-71
189-->[com.facebook.android:facebook-common:8.2.0] AndroidManifest.xml:34:19-68
190        <activity
190-->[com.facebook.android:facebook-common:8.2.0] AndroidManifest.xml:35:9-49:20
191            android:name="com.facebook.CustomTabActivity"
191-->[com.facebook.android:facebook-common:8.2.0] AndroidManifest.xml:36:13-58
192            android:exported="true" >
192-->[com.facebook.android:facebook-common:8.2.0] AndroidManifest.xml:37:13-36
193            <intent-filter>
193-->[com.facebook.android:facebook-common:8.2.0] AndroidManifest.xml:39:13-48:29
194                <action android:name="android.intent.action.VIEW" />
194-->[com.facebook.android:facebook-common:8.2.0] AndroidManifest.xml:40:17-69
194-->[com.facebook.android:facebook-common:8.2.0] AndroidManifest.xml:40:25-66
195
196                <category android:name="android.intent.category.DEFAULT" />
196-->[com.facebook.android:facebook-common:8.2.0] AndroidManifest.xml:42:17-76
196-->[com.facebook.android:facebook-common:8.2.0] AndroidManifest.xml:42:27-73
197                <category android:name="android.intent.category.BROWSABLE" />
197-->[com.facebook.android:facebook-common:8.2.0] AndroidManifest.xml:43:17-78
197-->[com.facebook.android:facebook-common:8.2.0] AndroidManifest.xml:43:27-75
198
199                <data
199-->[com.facebook.android:facebook-common:8.2.0] AndroidManifest.xml:45:17-47:50
200                    android:host="cct.com.onlinegroceryapp"
200-->[com.facebook.android:facebook-common:8.2.0] AndroidManifest.xml:46:21-56
201                    android:scheme="fbconnect" />
201-->[com.facebook.android:facebook-common:8.2.0] AndroidManifest.xml:47:21-47
202            </intent-filter>
203        </activity>
204        <activity
204-->[com.google.firebase:firebase-auth:21.1.0] AndroidManifest.xml:27:9-44:20
205            android:name="com.google.firebase.auth.internal.GenericIdpActivity"
205-->[com.google.firebase:firebase-auth:21.1.0] AndroidManifest.xml:28:13-80
206            android:excludeFromRecents="true"
206-->[com.google.firebase:firebase-auth:21.1.0] AndroidManifest.xml:29:13-46
207            android:exported="true"
207-->[com.google.firebase:firebase-auth:21.1.0] AndroidManifest.xml:30:13-36
208            android:launchMode="singleTask"
208-->[com.google.firebase:firebase-auth:21.1.0] AndroidManifest.xml:31:13-44
209            android:theme="@android:style/Theme.Translucent.NoTitleBar" >
209-->[com.google.firebase:firebase-auth:21.1.0] AndroidManifest.xml:32:13-72
210            <intent-filter>
210-->[com.google.firebase:firebase-auth:21.1.0] AndroidManifest.xml:33:13-43:29
211                <action android:name="android.intent.action.VIEW" />
211-->[com.facebook.android:facebook-common:8.2.0] AndroidManifest.xml:40:17-69
211-->[com.facebook.android:facebook-common:8.2.0] AndroidManifest.xml:40:25-66
212
213                <category android:name="android.intent.category.DEFAULT" />
213-->[com.facebook.android:facebook-common:8.2.0] AndroidManifest.xml:42:17-76
213-->[com.facebook.android:facebook-common:8.2.0] AndroidManifest.xml:42:27-73
214                <category android:name="android.intent.category.BROWSABLE" />
214-->[com.facebook.android:facebook-common:8.2.0] AndroidManifest.xml:43:17-78
214-->[com.facebook.android:facebook-common:8.2.0] AndroidManifest.xml:43:27-75
215
216                <data
216-->[com.facebook.android:facebook-common:8.2.0] AndroidManifest.xml:45:17-47:50
217                    android:host="firebase.auth"
217-->[com.facebook.android:facebook-common:8.2.0] AndroidManifest.xml:46:21-56
218                    android:path="/"
219                    android:scheme="genericidp" />
219-->[com.facebook.android:facebook-common:8.2.0] AndroidManifest.xml:47:21-47
220            </intent-filter>
221        </activity>
222        <activity
222-->[com.google.firebase:firebase-auth:21.1.0] AndroidManifest.xml:45:9-62:20
223            android:name="com.google.firebase.auth.internal.RecaptchaActivity"
223-->[com.google.firebase:firebase-auth:21.1.0] AndroidManifest.xml:46:13-79
224            android:excludeFromRecents="true"
224-->[com.google.firebase:firebase-auth:21.1.0] AndroidManifest.xml:47:13-46
225            android:exported="true"
225-->[com.google.firebase:firebase-auth:21.1.0] AndroidManifest.xml:48:13-36
226            android:launchMode="singleTask"
226-->[com.google.firebase:firebase-auth:21.1.0] AndroidManifest.xml:49:13-44
227            android:theme="@android:style/Theme.Translucent.NoTitleBar" >
227-->[com.google.firebase:firebase-auth:21.1.0] AndroidManifest.xml:50:13-72
228            <intent-filter>
228-->[com.google.firebase:firebase-auth:21.1.0] AndroidManifest.xml:51:13-61:29
229                <action android:name="android.intent.action.VIEW" />
229-->[com.facebook.android:facebook-common:8.2.0] AndroidManifest.xml:40:17-69
229-->[com.facebook.android:facebook-common:8.2.0] AndroidManifest.xml:40:25-66
230
231                <category android:name="android.intent.category.DEFAULT" />
231-->[com.facebook.android:facebook-common:8.2.0] AndroidManifest.xml:42:17-76
231-->[com.facebook.android:facebook-common:8.2.0] AndroidManifest.xml:42:27-73
232                <category android:name="android.intent.category.BROWSABLE" />
232-->[com.facebook.android:facebook-common:8.2.0] AndroidManifest.xml:43:17-78
232-->[com.facebook.android:facebook-common:8.2.0] AndroidManifest.xml:43:27-75
233
234                <data
234-->[com.facebook.android:facebook-common:8.2.0] AndroidManifest.xml:45:17-47:50
235                    android:host="firebase.auth"
235-->[com.facebook.android:facebook-common:8.2.0] AndroidManifest.xml:46:21-56
236                    android:path="/"
237                    android:scheme="recaptcha" />
237-->[com.facebook.android:facebook-common:8.2.0] AndroidManifest.xml:47:21-47
238            </intent-filter>
239        </activity>
240
241        <receiver
241-->[com.google.firebase:firebase-messaging:23.1.1] AndroidManifest.xml:31:9-38:20
242            android:name="com.google.firebase.iid.FirebaseInstanceIdReceiver"
242-->[com.google.firebase:firebase-messaging:23.1.1] AndroidManifest.xml:32:13-78
243            android:exported="true"
243-->[com.google.firebase:firebase-messaging:23.1.1] AndroidManifest.xml:33:13-36
244            android:permission="com.google.android.c2dm.permission.SEND" >
244-->[com.google.firebase:firebase-messaging:23.1.1] AndroidManifest.xml:34:13-73
245            <intent-filter>
245-->[:react-native-firebase_messaging] AndroidManifest.xml:29:13-31:29
246                <action android:name="com.google.android.c2dm.intent.RECEIVE" />
246-->[:react-native-firebase_messaging] AndroidManifest.xml:30:17-81
246-->[:react-native-firebase_messaging] AndroidManifest.xml:30:25-78
247            </intent-filter>
248        </receiver>
249        <!--
250             FirebaseMessagingService performs security checks at runtime,
251             but set to not exported to explicitly avoid allowing another app to call it.
252        -->
253        <service
253-->[com.google.firebase:firebase-messaging:23.1.1] AndroidManifest.xml:44:9-51:19
254            android:name="com.google.firebase.messaging.FirebaseMessagingService"